{
  "stats": {
    "suites": 1,
    "tests": 1,
    "passes": 1,
    "pending": 0,
    "failures": 0,
    "start": "2022-05-24T09:33:50.161Z",
    "end": "2022-05-24T09:33:50.644Z",
    "duration": 483,
    "testsRegistered": 1,
    "passPercent": 100,
    "pendingPercent": 0,
    "other": 0,
    "hasOther": false,
    "skipped": 0,
    "hasSkipped": false
  },
  "results": [
    {
      "uuid": "699be7e9-cbee-49cb-85eb-1ffe4793259e",
      "title": "",
      "fullFile": "cypress/integration/tests/getuser.js",
      "file": "cypress/integration/tests/getuser.js",
      "beforeHooks": [],
      "afterHooks": [],
      "tests": [],
      "suites": [
        {
          "uuid": "fdaa4932-d3b2-4e9b-b1be-00b2e14976ba",
          "title": "Get api user tests",
          "fullFile": "",
          "file": "",
          "beforeHooks": [],
          "afterHooks": [],
          "tests": [
            {
              "title": "Get users",
              "fullTitle": "Get api user tests Get users",
              "timedOut": null,
              "duration": 438,
              "state": "passed",
              "speed": "fast",
              "pass": true,
              "fail": false,
              "pending": false,
              "context": null,
              "code": "cy.request({\n  method: \"GET\",\n  url: Cypress.env(\"goresturl\"),\n  headers: {\n    authorization: dataJson.accessToken\n  }\n}).then(function (res) {\n  expect(res.status).to.eq(200);\n});",
              "err": {},
              "uuid": "23300a7b-c0b5-4fb7-9ccd-f7ed2f52ce4b",
              "parentUUID": "fdaa4932-d3b2-4e9b-b1be-00b2e14976ba",
              "isHook": false,
              "skipped": false
            }
          ],
          "suites": [],
          "passes": [
            "23300a7b-c0b5-4fb7-9ccd-f7ed2f52ce4b"
          ],
          "failures": [],
          "pending": [],
          "skipped": [],
          "duration": 438,
          "root": false,
          "rootEmpty": false,
          "_timeout": 2000
        }
      ],
      "passes": [],
      "failures": [],
      "pending": [],
      "skipped": [],
      "duration": 0,
      "root": true,
      "rootEmpty": true,
      "_timeout": 2000
    }
  ],
  "meta": {
    "mocha": {
      "version": "7.0.1"
    },
    "mochawesome": {
      "options": {
        "quiet": false,
        "reportFilename": "mochawesome",
        "saveHtml": false,
        "saveJson": true,
        "consoleReporter": "spec",
        "useInlineDiffs": false,
        "code": true
      },
      "version": "7.1.3"
    },
    "marge": {
      "options": {
        "reportDir": "cypress\\report\\.jsons",
        "charts": true,
        "overwrite": false,
        "html": false,
        "reportPageTitle": "custom-title",
        "json": true
      },
      "version": "6.2.0"
    }
  }
}