{
  "stats": {
    "suites": 1,
    "tests": 1,
    "passes": 1,
    "pending": 0,
    "failures": 0,
    "start": "2022-05-10T13:19:45.639Z",
    "end": "2022-05-10T13:20:13.581Z",
    "duration": 27942,
    "testsRegistered": 1,
    "passPercent": 100,
    "pendingPercent": 0,
    "other": 0,
    "hasOther": false,
    "skipped": 0,
    "hasSkipped": false
  },
  "results": [
    {
      "uuid": "68f65bd8-e23a-4d30-8d0f-3d96da694306",
      "title": "",
      "fullFile": "cypress/integration/tests/BDD/flipkart.feature",
      "file": "cypress/integration/tests/BDD/flipkart.feature",
      "beforeHooks": [],
      "afterHooks": [],
      "tests": [],
      "suites": [
        {
          "uuid": "7bc30dea-92ca-4830-8fd3-54165fc625ad",
          "title": "Flipkart Login test",
          "fullFile": "",
          "file": "",
          "beforeHooks": [],
          "afterHooks": [],
          "tests": [
            {
              "title": "Login to flipkart",
              "fullTitle": "Flipkart Login test Login to flipkart",
              "timedOut": null,
              "duration": 18736,
              "state": "passed",
              "speed": "slow",
              "pass": true,
              "fail": false,
              "pending": false,
              "context": null,
              "code": "const state = window.testState;\nreturn cy\n  .then(() => state.onStartScenario(scenario, indexedSteps))\n  .then(() =>\n    resolveAndRunBeforeHooks.call(this, scenario.tags, state.feature.name)\n  )\n  .then(() =>\n    indexedSteps.forEach((step) =>\n      stepTest.call(this, state, step, rowData)\n    )\n  )\n  .then(() => state.onFinishScenario(scenario));",
              "err": {},
              "uuid": "b0265fed-2b78-4634-b5c3-c13ef6d05358",
              "parentUUID": "7bc30dea-92ca-4830-8fd3-54165fc625ad",
              "isHook": false,
              "skipped": false
            }
          ],
          "suites": [],
          "passes": [
            "b0265fed-2b78-4634-b5c3-c13ef6d05358"
          ],
          "failures": [],
          "pending": [],
          "skipped": [],
          "duration": 18736,
          "root": false,
          "rootEmpty": false,
          "_timeout": 2000
        }
      ],
      "passes": [],
      "failures": [],
      "pending": [],
      "skipped": [],
      "duration": 0,
      "root": true,
      "rootEmpty": true,
      "_timeout": 2000
    }
  ],
  "meta": {
    "mocha": {
      "version": "7.0.1"
    },
    "mochawesome": {
      "options": {
        "quiet": false,
        "reportFilename": "mochawesome",
        "saveHtml": false,
        "saveJson": true,
        "consoleReporter": "spec",
        "useInlineDiffs": false,
        "code": true
      },
      "version": "7.1.3"
    },
    "marge": {
      "options": {
        "reportDir": "cypress\\report\\.jsons",
        "charts": true,
        "overwrite": false,
        "html": false,
        "reportPageTitle": "custom-title",
        "json": true
      },
      "version": "6.2.0"
    }
  }
}