{
  "stats": {
    "suites": 1,
    "tests": 1,
    "passes": 1,
    "pending": 0,
    "failures": 0,
    "start": "2022-05-24T05:33:59.097Z",
    "end": "2022-05-24T05:33:59.867Z",
    "duration": 770,
    "testsRegistered": 1,
    "passPercent": 100,
    "pendingPercent": 0,
    "other": 0,
    "hasOther": false,
    "skipped": 0,
    "hasSkipped": false
  },
  "results": [
    {
      "uuid": "35c5bdf2-6c68-4cd1-b2b0-ec03967cbe59",
      "title": "",
      "fullFile": "cypress/integration/tests/getuser.js",
      "file": "cypress/integration/tests/getuser.js",
      "beforeHooks": [],
      "afterHooks": [],
      "tests": [],
      "suites": [
        {
          "uuid": "196c5a9f-1eee-41ff-9628-fb31152ac63e",
          "title": "Get api user tests",
          "fullFile": "",
          "file": "",
          "beforeHooks": [],
          "afterHooks": [],
          "tests": [
            {
              "title": "Get users",
              "fullTitle": "Get api user tests Get users",
              "timedOut": null,
              "duration": 572,
              "state": "passed",
              "speed": "fast",
              "pass": true,
              "fail": false,
              "pending": false,
              "context": null,
              "code": "cy.request({\n  method: \"GET\",\n  url: Cypress.env(\"goresturl\"),\n  headers: {\n    authorization: dataJson.accessToken\n  }\n}).then(function (res) {\n  expect(res.status).to.eq(200);\n});",
              "err": {},
              "uuid": "ae37ba62-726e-4867-8f0d-848e1a8ffde6",
              "parentUUID": "196c5a9f-1eee-41ff-9628-fb31152ac63e",
              "isHook": false,
              "skipped": false
            }
          ],
          "suites": [],
          "passes": [
            "ae37ba62-726e-4867-8f0d-848e1a8ffde6"
          ],
          "failures": [],
          "pending": [],
          "skipped": [],
          "duration": 572,
          "root": false,
          "rootEmpty": false,
          "_timeout": 2000
        }
      ],
      "passes": [],
      "failures": [],
      "pending": [],
      "skipped": [],
      "duration": 0,
      "root": true,
      "rootEmpty": true,
      "_timeout": 2000
    }
  ],
  "meta": {
    "mocha": {
      "version": "7.0.1"
    },
    "mochawesome": {
      "options": {
        "quiet": false,
        "reportFilename": "mochawesome",
        "saveHtml": false,
        "saveJson": true,
        "consoleReporter": "spec",
        "useInlineDiffs": false,
        "code": true
      },
      "version": "7.1.3"
    },
    "marge": {
      "options": {
        "reportDir": "cypress\\report\\.jsons",
        "charts": true,
        "overwrite": false,
        "html": false,
        "reportPageTitle": "custom-title",
        "json": true
      },
      "version": "6.2.0"
    }
  }
}